[debug] [2024-05-19T06:52:07.395Z] ----------------------------------------------------------------------
[debug] [2024-05-19T06:52:07.397Z] Command:       C:\Program Files\nodejs\node.exe C:\Users\oatkrs\AppData\Roaming\npm\node_modules\firebase-tools\lib\bin\firebase.js init
[debug] [2024-05-19T06:52:07.398Z] CLI Version:   13.9.0
[debug] [2024-05-19T06:52:07.398Z] Platform:      win32
[debug] [2024-05-19T06:52:07.398Z] Node Version:  v20.12.2
[debug] [2024-05-19T06:52:07.398Z] Time:          Sun May 19 2024 12:22:07 GMT+0530 (India Standard Time)
[debug] [2024-05-19T06:52:07.398Z] ----------------------------------------------------------------------
[debug] 
[debug] [2024-05-19T06:52:07.453Z] > command requires scopes: ["email","openid","https://www.googleapis.com/auth/cloudplatformprojects.readonly","https://www.googleapis.com/auth/firebase","https://www.googleapis.com/auth/cloud-platform"]
[debug] [2024-05-19T06:52:07.453Z] > authorizing via signed-in user (utkarshparashar05@gmail.com)
[info] 
     ######## #### ########  ######## ########     ###     ######  ########
     ##        ##  ##     ## ##       ##     ##  ##   ##  ##       ##
     ######    ##  ########  ######   ########  #########  ######  ######
     ##        ##  ##    ##  ##       ##     ## ##     ##       ## ##
     ##       #### ##     ## ######## ########  ##     ##  ######  ########

You're about to initialize a Firebase project in this directory:

  D:\codeshit\resumake\resumake

Before we get started, keep in mind:

  * You are initializing within an existing Firebase project directory

[info] 
=== Project Setup
[info] 
[info] First, let's associate this project directory with a Firebase project.
[info] You can create multiple project aliases by running firebase use --add, 
[info] but for now we'll just set up a default project.
[info] 
[debug] [2024-05-19T06:52:13.443Z] Using project from CLI flag: resumake-7c544
[debug] [2024-05-19T06:52:13.444Z] > refreshing access token with scopes: []
[debug] [2024-05-19T06:52:13.446Z] >>> [apiv2][query] POST https://www.googleapis.com/oauth2/v3/token [none]
[debug] [2024-05-19T06:52:13.446Z] >>> [apiv2][body] POST https://www.googleapis.com/oauth2/v3/token [omitted]
[debug] [2024-05-19T06:52:13.806Z] <<< [apiv2][status] POST https://www.googleapis.com/oauth2/v3/token 200
[debug] [2024-05-19T06:52:13.806Z] <<< [apiv2][body] POST https://www.googleapis.com/oauth2/v3/token [omitted]
[debug] [2024-05-19T06:52:13.811Z] >>> [apiv2][query] GET https://firebase.googleapis.com/v1beta1/projects/resumake-7c544 [none]
[debug] [2024-05-19T06:52:14.429Z] <<< [apiv2][status] GET https://firebase.googleapis.com/v1beta1/projects/resumake-7c544 200
[debug] [2024-05-19T06:52:14.429Z] <<< [apiv2][body] GET https://firebase.googleapis.com/v1beta1/projects/resumake-7c544 {"projectId":"resumake-7c544","projectNumber":"21193363775","displayName":"Resumake","name":"projects/resumake-7c544","resources":{"hostingSite":"resumake-7c544"},"state":"ACTIVE","etag":"1_e6d6cf66-9850-4b25-844e-935142202769"}
[info] i  Using project resumake-7c544 (Resumake) 
[info] 
=== Hosting Setup
[debug] [2024-05-19T06:52:14.432Z] >>> [apiv2][query] GET https://firebase.googleapis.com/v1beta1/projects/resumake-7c544 [none]
[debug] [2024-05-19T06:52:15.011Z] <<< [apiv2][status] GET https://firebase.googleapis.com/v1beta1/projects/resumake-7c544 200
[debug] [2024-05-19T06:52:15.011Z] <<< [apiv2][body] GET https://firebase.googleapis.com/v1beta1/projects/resumake-7c544 {"projectId":"resumake-7c544","projectNumber":"21193363775","displayName":"Resumake","name":"projects/resumake-7c544","resources":{"hostingSite":"resumake-7c544"},"state":"ACTIVE","etag":"1_e6d6cf66-9850-4b25-844e-935142202769"}
[info] 
[info] Your public directory is the folder (relative to your project directory) that
[info] will contain Hosting assets to be uploaded with firebase deploy. If you
[info] have a build process for your assets, use your build's output directory.
[info] 
